<?xml version="1.0" encoding="UTF-8" ?>
<testsuite tests="15" failures="0" name="PrimeFunctions.IsPrimeBigIntegerTest" time="173.313" errors="0" skipped="0">
  <properties>
[...]
</properties>
  <testcase classname="PrimeFunctions.IsPrimeBigIntegerTest" name="isPrimeBigInteger_37_Test" time="0"/>
  <testcase classname="PrimeFunctions.IsPrimeBigIntegerTest" name="isPrimeBigInteger_49_Test" time="0"/>
  <testcase classname="PrimeFunctions.IsPrimeBigIntegerTest" name="isPrimeBigInteger_9223372036854775807_Test" time="90.922"/>
  <testcase classname="PrimeFunctions.IsPrimeBigIntegerTest" name="isPrimeBigInteger_982451653_Test" time="0"/>
  <testcase classname="PrimeFunctions.IsPrimeBigIntegerTest" name="isPrimeBigInteger_1_Test" time="0"/>
  <testcase classname="PrimeFunctions.IsPrimeBigIntegerTest" name="isPrimeBigInteger_2_Test" time="0"/>
  <testcase classname="PrimeFunctions.IsPrimeBigIntegerTest" name="isPrimeBigInteger_3_Test" time="0"/>
  <testcase classname="PrimeFunctions.IsPrimeBigIntegerTest" name="isPrimeBigInteger_4_Test" time="0"/>
  <testcase classname="PrimeFunctions.IsPrimeBigIntegerTest" name="isPrimeBigInteger_9_Test" time="0"/>
  <testcase classname="PrimeFunctions.IsPrimeBigIntegerTest" name="isPrimeBigInteger_neg83_Test" time="0"/>
  <testcase classname="PrimeFunctions.IsPrimeBigIntegerTest" name="isPrimeBigInteger_4611686018427387631_Test" time="71.953"/>
  <testcase classname="PrimeFunctions.IsPrimeBigIntegerTest" name="isPrimeBigInteger_179426029_Test" time="0"/>
  <testcase classname="PrimeFunctions.IsPrimeBigIntegerTest" name="isPrimeBigInteger_5600748293801_Test" time="0.079"/>
  <testcase classname="PrimeFunctions.IsPrimeBigIntegerTest" name="isPrimeBigInteger_99194853094755497_Test" time="10.359"/>
  <testcase classname="PrimeFunctions.IsPrimeBigIntegerTest" name="isPrimeBigInteger_440101_Test" time="0"/>
</testsuite>